Arguments: 
  /root/.nvm/versions/node/v18.16.0/bin/node /snap/node/7392/bin/yarn.js install

PATH: 
  /tmp/yarn--1685796329891-0.11714934910716535:/usr/local/share/.config/yarn/global/node_modules/.bin:/usr/local/share/.config/yarn/link/node_modules/.bin:/root/.nvm/versions/node/v18.16.0/libexec/lib/node_modules/npm/bin/node-gyp-bin:/root/.nvm/versions/node/v18.16.0/lib/node_modules/npm/bin/node-gyp-bin:/root/.nvm/versions/node/v18.16.0/bin/node_modules/npm/bin/node-gyp-bin:/root/.nvm/versions/node/v18.16.0/bin:/usr/local/sbin:/usr/local/bin:/usr/sbin:/usr/bin:/sbin:/bin:/usr/games:/usr/local/games:/snap/bin:/usr/local/go/bin

Yarn version: 
  1.22.19

Node version: 
  18.16.0

Platform: 
  linux x64

Trace: 
  Error: EACCES: permission denied, write
      at writeSync (node:fs:934:3)
      at SyncWriteStream._write (node:internal/fs/sync_write_stream:26:3)
      at writeOrBuffer (node:internal/streams/writable:392:12)
      at _write (node:internal/streams/writable:333:10)
      at Writable.write (node:internal/streams/writable:337:10)
      at Object.cursorTo (node:internal/readline/callbacks:54:17)
      at writeOnNthLine (/snap/node/7392/lib/cli.js:49482:14)
      at Spinner.render (/snap/node/7392/lib/cli.js:93489:48)
      at Spinner.start (/snap/node/7392/lib/cli.js:93476:10)
      at ConsoleReporter.activity (/snap/node/7392/lib/cli.js:93022:13)

npm manifest: 
  {
    "name": "spotcast",
    "version": "1.0.0",
    "main": "node_modules/expo/AppEntry.js",
    "scripts": {
      "start": "expo start",
      "android": "expo start --android",
      "ios": "expo start --ios",
      "web": "expo start --web"
    },
    "dependencies": {
      "expo": "~48.0.18",
      "expo-status-bar": "~1.4.4",
      "react": "18.2.0",
      "react-native": "0.71.8"
    },
    "devDependencies": {
      "@babel/core": "^7.20.0"
    },
    "private": true
  }

yarn manifest: 
  No manifest

Lockfile: 
  No lockfile
